Base path: G:/Program Files (x86)/Unity/Editor/Data
Pipe name: \\.\pipe\UnityShaderCompiler-3-5020
Cmd: getPlatforms
Cmd: compileSnippet
  api=5 type=1 insize=1207 outsize=6 kw= ok=1
Cmd: compileSnippet
  api=5 type=1 insize=7419 outsize=6 kw= ok=1
Cmd: compileSnippet
  api=9 type=1 insize=2272 outsize=7 kw= ok=1
Cmd: compileSnippet
  api=8 type=0 insize=1207 outsize=1650 kw= ok=1
Cmd: compileSnippet
  api=8 type=1 insize=1207 outsize=1739 kw= ok=1
Cmd: compileSnippet
  api=0 type=1 insize=2197 outsize=1088 kw= ok=1
Cmd: compileSnippet
  api=8 type=0 insize=2272 outsize=1650 kw= ok=1
Cmd: compileSnippet
  api=1 type=1 insize=2272 outsize=1065 kw= ok=1
Unhandled exception: Readfile from pipe failed. GLE=Le canal de communication a été fermé.


Quitting shader compiler process
